<?xml version="1.0" encoding="UTF-8"?>
<!-- Generated by org.testng.reporters.JUnitXMLReporter -->
<testsuite hostname="PC025" ignored="1" name="MasterFileReceive" tests="6" failures="6" timestamp="2020-05-11T13:00:27 BDT" time="33.449" errors="0">
  <testcase name="DesignReceiveFromCS" time="3.383" classname="Order_Managenent.OrderMasterFileIssue">
    <failure type="org.openqa.selenium.WebDriverException" message="unknown error: Element &amp;lt;input type=&amp;quot;checkbox&amp;quot; data-ng-change=&amp;quot;save(data,saveDirection.csToDesign)&amp;quot; data-ng-model=&amp;quot;data.isCSToDsgnRcvd&amp;quot; data-ng-disabled=&amp;quot;disableForCheckBox.csToDesignIsDisable || data.isCSToDsgnRcvd&amp;quot; class=&amp;quot;ng-pristine ng-untouched ng-valid&amp;quot; disabled=&amp;quot;disabled&amp;quot;&amp;gt; is not clickable at point (1293, 250). Other element would receive the click: &amp;lt;i class=&amp;quot;fa fa-check-square-o&amp;quot;&amp;gt;&amp;lt;/i&amp;gt;
  (Session info: chrome=81.0.4044.138)
  (Driver info: chromedriver=2.44.609538 (b655c5a60b0b544917107a59d4153d4bf78e1b90),platform=Windows NT 6.1.7601 SP1 x86_64) (WARNING: The server did not provide any stacktrace information)
Command duration or timeout: 0 milliseconds
Build info: version: &amp;apos;3.141.59&amp;apos;, revision: &amp;apos;e82be7d358&amp;apos;, time: &amp;apos;2018-11-14T08:17:03&amp;apos;
System info: host: &amp;apos;PC025&amp;apos;, ip: &amp;apos;192.168.11.58&amp;apos;, os.name: &amp;apos;Windows 7&amp;apos;, os.arch: &amp;apos;amd64&amp;apos;, os.version: &amp;apos;6.1&amp;apos;, java.version: &amp;apos;1.8.0_191&amp;apos;
Driver info: org.openqa.selenium.chrome.ChromeDriver
Capabilities {acceptInsecureCerts: false, acceptSslCerts: false, applicationCacheEnabled: false, browserConnectionEnabled: false, browserName: chrome, chrome: {chromedriverVersion: 2.44.609538 (b655c5a60b0b54..., userDataDir: C:\Users\Mansur\AppData\Loc...}, cssSelectorsEnabled: true, databaseEnabled: false, goog:chromeOptions: {debuggerAddress: localhost:53260}, handlesAlerts: true, hasTouchScreen: false, javascriptEnabled: true, locationContextEnabled: true, mobileEmulationEnabled: false, nativeEvents: true, networkConnectionEnabled: false, pageLoadStrategy: normal, platform: XP, platformName: XP, rotatable: false, setWindowRect: true, takesHeapSnapshot: true, takesScreenshot: true, unexpectedAlertBehaviour: ignore, unhandledPromptBehavior: ignore, version: 81.0.4044.138, webStorageEnabled: true}
Session ID: 2a43eac7c80f186c4f304bf145a2f450">
      <![CDATA[org.openqa.selenium.WebDriverException: unknown error: Element <input type="checkbox" data-ng-change="save(data,saveDirection.csToDesign)" data-ng-model="data.isCSToDsgnRcvd" data-ng-disabled="disableForCheckBox.csToDesignIsDisable || data.isCSToDsgnRcvd" class="ng-pristine ng-untouched ng-valid" disabled="disabled"> is not clickable at point (1293, 250). Other element would receive the click: <i class="fa fa-check-square-o"></i>
  (Session info: chrome=81.0.4044.138)
  (Driver info: chromedriver=2.44.609538 (b655c5a60b0b544917107a59d4153d4bf78e1b90),platform=Windows NT 6.1.7601 SP1 x86_64) (WARNING: The server did not provide any stacktrace information)
Command duration or timeout: 0 milliseconds
Build info: version: '3.141.59', revision: 'e82be7d358', time: '2018-11-14T08:17:03'
System info: host: 'PC025', ip: '192.168.11.58', os.name: 'Windows 7', os.arch: 'amd64', os.version: '6.1', java.version: '1.8.0_191'
Driver info: org.openqa.selenium.chrome.ChromeDriver
Capabilities {acceptInsecureCerts: false, acceptSslCerts: false, applicationCacheEnabled: false, browserConnectionEnabled: false, browserName: chrome, chrome: {chromedriverVersion: 2.44.609538 (b655c5a60b0b54..., userDataDir: C:\Users\Mansur\AppData\Loc...}, cssSelectorsEnabled: true, databaseEnabled: false, goog:chromeOptions: {debuggerAddress: localhost:53260}, handlesAlerts: true, hasTouchScreen: false, javascriptEnabled: true, locationContextEnabled: true, mobileEmulationEnabled: false, nativeEvents: true, networkConnectionEnabled: false, pageLoadStrategy: normal, platform: XP, platformName: XP, rotatable: false, setWindowRect: true, takesHeapSnapshot: true, takesScreenshot: true, unexpectedAlertBehaviour: ignore, unhandledPromptBehavior: ignore, version: 81.0.4044.138, webStorageEnabled: true}
Session ID: 2a43eac7c80f186c4f304bf145a2f450
at org.openqa.selenium.remote.ErrorHandler.createThrowable(ErrorHandler.java:214)
at org.openqa.selenium.remote.ErrorHandler.throwIfResponseFailed(ErrorHandler.java:166)
at org.openqa.selenium.remote.http.JsonHttpResponseCodec.reconstructValue(JsonHttpResponseCodec.java:40)
at org.openqa.selenium.remote.http.AbstractHttpResponseCodec.decode(AbstractHttpResponseCodec.java:80)
at org.openqa.selenium.remote.http.AbstractHttpResponseCodec.decode(AbstractHttpResponseCodec.java:44)
at org.openqa.selenium.remote.HttpCommandExecutor.execute(HttpCommandExecutor.java:158)
at org.openqa.selenium.remote.service.DriverCommandExecutor.execute(DriverCommandExecutor.java:83)
at org.openqa.selenium.remote.RemoteWebDriver.execute(RemoteWebDriver.java:552)
at org.openqa.selenium.remote.RemoteWebElement.execute(RemoteWebElement.java:285)
at org.openqa.selenium.remote.RemoteWebElement.click(RemoteWebElement.java:84)
at pages.OM_OrderMasterFileIssue.DesignReceiveFromCS(OM_OrderMasterFileIssue.java:121)
at Order_Managenent.OrderMasterFileIssue.DesignReceiveFromCS(OrderMasterFileIssue.java:99)
at java.util.ArrayList.forEach(ArrayList.java:1257)
... Removed 31 stack frames]]>
    </failure>
  </testcase> <!-- DesignReceiveFromCS -->
  <testcase name="DesignReceiveFromCS" time="3.337" classname="Order_Managenent.OrderMasterFileIssue">
    <failure type="org.openqa.selenium.WebDriverException" message="unknown error: Element &amp;lt;input type=&amp;quot;checkbox&amp;quot; data-ng-change=&amp;quot;save(data,saveDirection.csToDesign)&amp;quot; data-ng-model=&amp;quot;data.isCSToDsgnRcvd&amp;quot; data-ng-disabled=&amp;quot;disableForCheckBox.csToDesignIsDisable || data.isCSToDsgnRcvd&amp;quot; class=&amp;quot;ng-pristine ng-untouched ng-valid&amp;quot; disabled=&amp;quot;disabled&amp;quot;&amp;gt; is not clickable at point (1293, 242). Other element would receive the click: &amp;lt;i class=&amp;quot;fa fa-check-square-o&amp;quot;&amp;gt;&amp;lt;/i&amp;gt;
  (Session info: chrome=81.0.4044.138)
  (Driver info: chromedriver=2.44.609538 (b655c5a60b0b544917107a59d4153d4bf78e1b90),platform=Windows NT 6.1.7601 SP1 x86_64) (WARNING: The server did not provide any stacktrace information)
Command duration or timeout: 0 milliseconds
Build info: version: &amp;apos;3.141.59&amp;apos;, revision: &amp;apos;e82be7d358&amp;apos;, time: &amp;apos;2018-11-14T08:17:03&amp;apos;
System info: host: &amp;apos;PC025&amp;apos;, ip: &amp;apos;192.168.11.58&amp;apos;, os.name: &amp;apos;Windows 7&amp;apos;, os.arch: &amp;apos;amd64&amp;apos;, os.version: &amp;apos;6.1&amp;apos;, java.version: &amp;apos;1.8.0_191&amp;apos;
Driver info: org.openqa.selenium.chrome.ChromeDriver
Capabilities {acceptInsecureCerts: false, acceptSslCerts: false, applicationCacheEnabled: false, browserConnectionEnabled: false, browserName: chrome, chrome: {chromedriverVersion: 2.44.609538 (b655c5a60b0b54..., userDataDir: C:\Users\Mansur\AppData\Loc...}, cssSelectorsEnabled: true, databaseEnabled: false, goog:chromeOptions: {debuggerAddress: localhost:53260}, handlesAlerts: true, hasTouchScreen: false, javascriptEnabled: true, locationContextEnabled: true, mobileEmulationEnabled: false, nativeEvents: true, networkConnectionEnabled: false, pageLoadStrategy: normal, platform: XP, platformName: XP, rotatable: false, setWindowRect: true, takesHeapSnapshot: true, takesScreenshot: true, unexpectedAlertBehaviour: ignore, unhandledPromptBehavior: ignore, version: 81.0.4044.138, webStorageEnabled: true}
Session ID: 2a43eac7c80f186c4f304bf145a2f450">
      <![CDATA[org.openqa.selenium.WebDriverException: unknown error: Element <input type="checkbox" data-ng-change="save(data,saveDirection.csToDesign)" data-ng-model="data.isCSToDsgnRcvd" data-ng-disabled="disableForCheckBox.csToDesignIsDisable || data.isCSToDsgnRcvd" class="ng-pristine ng-untouched ng-valid" disabled="disabled"> is not clickable at point (1293, 242). Other element would receive the click: <i class="fa fa-check-square-o"></i>
  (Session info: chrome=81.0.4044.138)
  (Driver info: chromedriver=2.44.609538 (b655c5a60b0b544917107a59d4153d4bf78e1b90),platform=Windows NT 6.1.7601 SP1 x86_64) (WARNING: The server did not provide any stacktrace information)
Command duration or timeout: 0 milliseconds
Build info: version: '3.141.59', revision: 'e82be7d358', time: '2018-11-14T08:17:03'
System info: host: 'PC025', ip: '192.168.11.58', os.name: 'Windows 7', os.arch: 'amd64', os.version: '6.1', java.version: '1.8.0_191'
Driver info: org.openqa.selenium.chrome.ChromeDriver
Capabilities {acceptInsecureCerts: false, acceptSslCerts: false, applicationCacheEnabled: false, browserConnectionEnabled: false, browserName: chrome, chrome: {chromedriverVersion: 2.44.609538 (b655c5a60b0b54..., userDataDir: C:\Users\Mansur\AppData\Loc...}, cssSelectorsEnabled: true, databaseEnabled: false, goog:chromeOptions: {debuggerAddress: localhost:53260}, handlesAlerts: true, hasTouchScreen: false, javascriptEnabled: true, locationContextEnabled: true, mobileEmulationEnabled: false, nativeEvents: true, networkConnectionEnabled: false, pageLoadStrategy: normal, platform: XP, platformName: XP, rotatable: false, setWindowRect: true, takesHeapSnapshot: true, takesScreenshot: true, unexpectedAlertBehaviour: ignore, unhandledPromptBehavior: ignore, version: 81.0.4044.138, webStorageEnabled: true}
Session ID: 2a43eac7c80f186c4f304bf145a2f450
at org.openqa.selenium.remote.ErrorHandler.createThrowable(ErrorHandler.java:214)
at org.openqa.selenium.remote.ErrorHandler.throwIfResponseFailed(ErrorHandler.java:166)
at org.openqa.selenium.remote.http.JsonHttpResponseCodec.reconstructValue(JsonHttpResponseCodec.java:40)
at org.openqa.selenium.remote.http.AbstractHttpResponseCodec.decode(AbstractHttpResponseCodec.java:80)
at org.openqa.selenium.remote.http.AbstractHttpResponseCodec.decode(AbstractHttpResponseCodec.java:44)
at org.openqa.selenium.remote.HttpCommandExecutor.execute(HttpCommandExecutor.java:158)
at org.openqa.selenium.remote.service.DriverCommandExecutor.execute(DriverCommandExecutor.java:83)
at org.openqa.selenium.remote.RemoteWebDriver.execute(RemoteWebDriver.java:552)
at org.openqa.selenium.remote.RemoteWebElement.execute(RemoteWebElement.java:285)
at org.openqa.selenium.remote.RemoteWebElement.click(RemoteWebElement.java:84)
at pages.OM_OrderMasterFileIssue.DesignReceiveFromCS(OM_OrderMasterFileIssue.java:121)
at Order_Managenent.OrderMasterFileIssue.DesignReceiveFromCS(OrderMasterFileIssue.java:99)
at java.util.ArrayList.forEach(ArrayList.java:1257)
... Removed 31 stack frames]]>
    </failure>
  </testcase> <!-- DesignReceiveFromCS -->
  <testcase name="DesignReceiveFromCS" time="4.568" classname="Order_Managenent.OrderMasterFileIssue">
    <failure type="java.lang.IndexOutOfBoundsException" message="Index: 1, Size: 1">
      <![CDATA[java.lang.IndexOutOfBoundsException: Index: 1, Size: 1
at java.util.ArrayList.rangeCheck(ArrayList.java:657)
at java.util.ArrayList.get(ArrayList.java:433)
at org.openqa.selenium.support.pagefactory.internal.LocatingElementListHandler.invoke(LocatingElementListHandler.java:39)
at com.sun.proxy.$Proxy13.get(Unknown Source)
at pages.OM_OrderMasterFileIssue.DesignReceiveFromCS(OM_OrderMasterFileIssue.java:121)
at Order_Managenent.OrderMasterFileIssue.DesignReceiveFromCS(OrderMasterFileIssue.java:99)
at java.util.ArrayList.forEach(ArrayList.java:1257)
... Removed 31 stack frames]]>
    </failure>
  </testcase> <!-- DesignReceiveFromCS -->
  <testcase name="PMReceiveFromDesign" time="2.763" classname="Order_Managenent.OrderMasterFileIssue">
    <failure type="org.openqa.selenium.WebDriverException" message="unknown error: Element &amp;lt;input type=&amp;quot;checkbox&amp;quot; data-ng-change=&amp;quot;save(data,saveDirection.dsgnToProd)&amp;quot; data-ng-model=&amp;quot;data.isDsgnToProdRcvd&amp;quot; data-ng-disabled=&amp;quot;(disableForCheckBox.dsgnToProdIsDisable==0 ? (!disableForCheckBox.dsgnToProdIsDisable &amp;amp;amp;&amp;amp;amp; !data.isCSToDsgnRcvd) : disableForCheckBox.dsgnToProdIsDisable) || data.isDsgnToProdRcvd&amp;quot; class=&amp;quot;ng-pristine ng-untouched ng-valid&amp;quot; disabled=&amp;quot;disabled&amp;quot;&amp;gt; is not clickable at point (1351, 245). Other element would receive the click: &amp;lt;i class=&amp;quot;fa fa-square-o&amp;quot;&amp;gt;&amp;lt;/i&amp;gt;
  (Session info: chrome=81.0.4044.138)
  (Driver info: chromedriver=2.44.609538 (b655c5a60b0b544917107a59d4153d4bf78e1b90),platform=Windows NT 6.1.7601 SP1 x86_64) (WARNING: The server did not provide any stacktrace information)
Command duration or timeout: 0 milliseconds
Build info: version: &amp;apos;3.141.59&amp;apos;, revision: &amp;apos;e82be7d358&amp;apos;, time: &amp;apos;2018-11-14T08:17:03&amp;apos;
System info: host: &amp;apos;PC025&amp;apos;, ip: &amp;apos;192.168.11.58&amp;apos;, os.name: &amp;apos;Windows 7&amp;apos;, os.arch: &amp;apos;amd64&amp;apos;, os.version: &amp;apos;6.1&amp;apos;, java.version: &amp;apos;1.8.0_191&amp;apos;
Driver info: org.openqa.selenium.chrome.ChromeDriver
Capabilities {acceptInsecureCerts: false, acceptSslCerts: false, applicationCacheEnabled: false, browserConnectionEnabled: false, browserName: chrome, chrome: {chromedriverVersion: 2.44.609538 (b655c5a60b0b54..., userDataDir: C:\Users\Mansur\AppData\Loc...}, cssSelectorsEnabled: true, databaseEnabled: false, goog:chromeOptions: {debuggerAddress: localhost:53260}, handlesAlerts: true, hasTouchScreen: false, javascriptEnabled: true, locationContextEnabled: true, mobileEmulationEnabled: false, nativeEvents: true, networkConnectionEnabled: false, pageLoadStrategy: normal, platform: XP, platformName: XP, rotatable: false, setWindowRect: true, takesHeapSnapshot: true, takesScreenshot: true, unexpectedAlertBehaviour: ignore, unhandledPromptBehavior: ignore, version: 81.0.4044.138, webStorageEnabled: true}
Session ID: 2a43eac7c80f186c4f304bf145a2f450">
      <![CDATA[org.openqa.selenium.WebDriverException: unknown error: Element <input type="checkbox" data-ng-change="save(data,saveDirection.dsgnToProd)" data-ng-model="data.isDsgnToProdRcvd" data-ng-disabled="(disableForCheckBox.dsgnToProdIsDisable==0 ? (!disableForCheckBox.dsgnToProdIsDisable &amp;&amp; !data.isCSToDsgnRcvd) : disableForCheckBox.dsgnToProdIsDisable) || data.isDsgnToProdRcvd" class="ng-pristine ng-untouched ng-valid" disabled="disabled"> is not clickable at point (1351, 245). Other element would receive the click: <i class="fa fa-square-o"></i>
  (Session info: chrome=81.0.4044.138)
  (Driver info: chromedriver=2.44.609538 (b655c5a60b0b544917107a59d4153d4bf78e1b90),platform=Windows NT 6.1.7601 SP1 x86_64) (WARNING: The server did not provide any stacktrace information)
Command duration or timeout: 0 milliseconds
Build info: version: '3.141.59', revision: 'e82be7d358', time: '2018-11-14T08:17:03'
System info: host: 'PC025', ip: '192.168.11.58', os.name: 'Windows 7', os.arch: 'amd64', os.version: '6.1', java.version: '1.8.0_191'
Driver info: org.openqa.selenium.chrome.ChromeDriver
Capabilities {acceptInsecureCerts: false, acceptSslCerts: false, applicationCacheEnabled: false, browserConnectionEnabled: false, browserName: chrome, chrome: {chromedriverVersion: 2.44.609538 (b655c5a60b0b54..., userDataDir: C:\Users\Mansur\AppData\Loc...}, cssSelectorsEnabled: true, databaseEnabled: false, goog:chromeOptions: {debuggerAddress: localhost:53260}, handlesAlerts: true, hasTouchScreen: false, javascriptEnabled: true, locationContextEnabled: true, mobileEmulationEnabled: false, nativeEvents: true, networkConnectionEnabled: false, pageLoadStrategy: normal, platform: XP, platformName: XP, rotatable: false, setWindowRect: true, takesHeapSnapshot: true, takesScreenshot: true, unexpectedAlertBehaviour: ignore, unhandledPromptBehavior: ignore, version: 81.0.4044.138, webStorageEnabled: true}
Session ID: 2a43eac7c80f186c4f304bf145a2f450
at org.openqa.selenium.remote.ErrorHandler.createThrowable(ErrorHandler.java:214)
at org.openqa.selenium.remote.ErrorHandler.throwIfResponseFailed(ErrorHandler.java:166)
at org.openqa.selenium.remote.http.JsonHttpResponseCodec.reconstructValue(JsonHttpResponseCodec.java:40)
at org.openqa.selenium.remote.http.AbstractHttpResponseCodec.decode(AbstractHttpResponseCodec.java:80)
at org.openqa.selenium.remote.http.AbstractHttpResponseCodec.decode(AbstractHttpResponseCodec.java:44)
at org.openqa.selenium.remote.HttpCommandExecutor.execute(HttpCommandExecutor.java:158)
at org.openqa.selenium.remote.service.DriverCommandExecutor.execute(DriverCommandExecutor.java:83)
at org.openqa.selenium.remote.RemoteWebDriver.execute(RemoteWebDriver.java:552)
at org.openqa.selenium.remote.RemoteWebElement.execute(RemoteWebElement.java:285)
at org.openqa.selenium.remote.RemoteWebElement.click(RemoteWebElement.java:84)
at pages.OM_OrderMasterFileIssue.ProductionReceiveFromDesign(OM_OrderMasterFileIssue.java:139)
at Order_Managenent.OrderMasterFileIssue.PMReceiveFromDesign(OrderMasterFileIssue.java:136)
at java.util.ArrayList.forEach(ArrayList.java:1257)
... Removed 31 stack frames]]>
    </failure>
  </testcase> <!-- PMReceiveFromDesign -->
  <testcase name="PMReceiveFromDesign" time="2.757" classname="Order_Managenent.OrderMasterFileIssue">
    <failure type="org.openqa.selenium.WebDriverException" message="unknown error: Element &amp;lt;input type=&amp;quot;checkbox&amp;quot; data-ng-change=&amp;quot;save(data,saveDirection.dsgnToProd)&amp;quot; data-ng-model=&amp;quot;data.isDsgnToProdRcvd&amp;quot; data-ng-disabled=&amp;quot;(disableForCheckBox.dsgnToProdIsDisable==0 ? (!disableForCheckBox.dsgnToProdIsDisable &amp;amp;amp;&amp;amp;amp; !data.isCSToDsgnRcvd) : disableForCheckBox.dsgnToProdIsDisable) || data.isDsgnToProdRcvd&amp;quot; class=&amp;quot;ng-pristine ng-untouched ng-valid&amp;quot; disabled=&amp;quot;disabled&amp;quot;&amp;gt; is not clickable at point (1351, 245). Other element would receive the click: &amp;lt;i class=&amp;quot;fa fa-square-o&amp;quot;&amp;gt;&amp;lt;/i&amp;gt;
  (Session info: chrome=81.0.4044.138)
  (Driver info: chromedriver=2.44.609538 (b655c5a60b0b544917107a59d4153d4bf78e1b90),platform=Windows NT 6.1.7601 SP1 x86_64) (WARNING: The server did not provide any stacktrace information)
Command duration or timeout: 0 milliseconds
Build info: version: &amp;apos;3.141.59&amp;apos;, revision: &amp;apos;e82be7d358&amp;apos;, time: &amp;apos;2018-11-14T08:17:03&amp;apos;
System info: host: &amp;apos;PC025&amp;apos;, ip: &amp;apos;192.168.11.58&amp;apos;, os.name: &amp;apos;Windows 7&amp;apos;, os.arch: &amp;apos;amd64&amp;apos;, os.version: &amp;apos;6.1&amp;apos;, java.version: &amp;apos;1.8.0_191&amp;apos;
Driver info: org.openqa.selenium.chrome.ChromeDriver
Capabilities {acceptInsecureCerts: false, acceptSslCerts: false, applicationCacheEnabled: false, browserConnectionEnabled: false, browserName: chrome, chrome: {chromedriverVersion: 2.44.609538 (b655c5a60b0b54..., userDataDir: C:\Users\Mansur\AppData\Loc...}, cssSelectorsEnabled: true, databaseEnabled: false, goog:chromeOptions: {debuggerAddress: localhost:53260}, handlesAlerts: true, hasTouchScreen: false, javascriptEnabled: true, locationContextEnabled: true, mobileEmulationEnabled: false, nativeEvents: true, networkConnectionEnabled: false, pageLoadStrategy: normal, platform: XP, platformName: XP, rotatable: false, setWindowRect: true, takesHeapSnapshot: true, takesScreenshot: true, unexpectedAlertBehaviour: ignore, unhandledPromptBehavior: ignore, version: 81.0.4044.138, webStorageEnabled: true}
Session ID: 2a43eac7c80f186c4f304bf145a2f450">
      <![CDATA[org.openqa.selenium.WebDriverException: unknown error: Element <input type="checkbox" data-ng-change="save(data,saveDirection.dsgnToProd)" data-ng-model="data.isDsgnToProdRcvd" data-ng-disabled="(disableForCheckBox.dsgnToProdIsDisable==0 ? (!disableForCheckBox.dsgnToProdIsDisable &amp;&amp; !data.isCSToDsgnRcvd) : disableForCheckBox.dsgnToProdIsDisable) || data.isDsgnToProdRcvd" class="ng-pristine ng-untouched ng-valid" disabled="disabled"> is not clickable at point (1351, 245). Other element would receive the click: <i class="fa fa-square-o"></i>
  (Session info: chrome=81.0.4044.138)
  (Driver info: chromedriver=2.44.609538 (b655c5a60b0b544917107a59d4153d4bf78e1b90),platform=Windows NT 6.1.7601 SP1 x86_64) (WARNING: The server did not provide any stacktrace information)
Command duration or timeout: 0 milliseconds
Build info: version: '3.141.59', revision: 'e82be7d358', time: '2018-11-14T08:17:03'
System info: host: 'PC025', ip: '192.168.11.58', os.name: 'Windows 7', os.arch: 'amd64', os.version: '6.1', java.version: '1.8.0_191'
Driver info: org.openqa.selenium.chrome.ChromeDriver
Capabilities {acceptInsecureCerts: false, acceptSslCerts: false, applicationCacheEnabled: false, browserConnectionEnabled: false, browserName: chrome, chrome: {chromedriverVersion: 2.44.609538 (b655c5a60b0b54..., userDataDir: C:\Users\Mansur\AppData\Loc...}, cssSelectorsEnabled: true, databaseEnabled: false, goog:chromeOptions: {debuggerAddress: localhost:53260}, handlesAlerts: true, hasTouchScreen: false, javascriptEnabled: true, locationContextEnabled: true, mobileEmulationEnabled: false, nativeEvents: true, networkConnectionEnabled: false, pageLoadStrategy: normal, platform: XP, platformName: XP, rotatable: false, setWindowRect: true, takesHeapSnapshot: true, takesScreenshot: true, unexpectedAlertBehaviour: ignore, unhandledPromptBehavior: ignore, version: 81.0.4044.138, webStorageEnabled: true}
Session ID: 2a43eac7c80f186c4f304bf145a2f450
at org.openqa.selenium.remote.ErrorHandler.createThrowable(ErrorHandler.java:214)
at org.openqa.selenium.remote.ErrorHandler.throwIfResponseFailed(ErrorHandler.java:166)
at org.openqa.selenium.remote.http.JsonHttpResponseCodec.reconstructValue(JsonHttpResponseCodec.java:40)
at org.openqa.selenium.remote.http.AbstractHttpResponseCodec.decode(AbstractHttpResponseCodec.java:80)
at org.openqa.selenium.remote.http.AbstractHttpResponseCodec.decode(AbstractHttpResponseCodec.java:44)
at org.openqa.selenium.remote.HttpCommandExecutor.execute(HttpCommandExecutor.java:158)
at org.openqa.selenium.remote.service.DriverCommandExecutor.execute(DriverCommandExecutor.java:83)
at org.openqa.selenium.remote.RemoteWebDriver.execute(RemoteWebDriver.java:552)
at org.openqa.selenium.remote.RemoteWebElement.execute(RemoteWebElement.java:285)
at org.openqa.selenium.remote.RemoteWebElement.click(RemoteWebElement.java:84)
at pages.OM_OrderMasterFileIssue.ProductionReceiveFromDesign(OM_OrderMasterFileIssue.java:139)
at Order_Managenent.OrderMasterFileIssue.PMReceiveFromDesign(OrderMasterFileIssue.java:136)
at java.util.ArrayList.forEach(ArrayList.java:1257)
... Removed 31 stack frames]]>
    </failure>
  </testcase> <!-- PMReceiveFromDesign -->
  <testcase name="PMReceiveFromDesign" time="2.776" classname="Order_Managenent.OrderMasterFileIssue">
    <failure type="org.openqa.selenium.WebDriverException" message="unknown error: Element &amp;lt;input type=&amp;quot;checkbox&amp;quot; data-ng-change=&amp;quot;save(data,saveDirection.dsgnToProd)&amp;quot; data-ng-model=&amp;quot;data.isDsgnToProdRcvd&amp;quot; data-ng-disabled=&amp;quot;(disableForCheckBox.dsgnToProdIsDisable==0 ? (!disableForCheckBox.dsgnToProdIsDisable &amp;amp;amp;&amp;amp;amp; !data.isCSToDsgnRcvd) : disableForCheckBox.dsgnToProdIsDisable) || data.isDsgnToProdRcvd&amp;quot; class=&amp;quot;ng-pristine ng-untouched ng-valid&amp;quot; disabled=&amp;quot;disabled&amp;quot;&amp;gt; is not clickable at point (1351, 245). Other element would receive the click: &amp;lt;i class=&amp;quot;fa fa-square-o&amp;quot;&amp;gt;&amp;lt;/i&amp;gt;
  (Session info: chrome=81.0.4044.138)
  (Driver info: chromedriver=2.44.609538 (b655c5a60b0b544917107a59d4153d4bf78e1b90),platform=Windows NT 6.1.7601 SP1 x86_64) (WARNING: The server did not provide any stacktrace information)
Command duration or timeout: 0 milliseconds
Build info: version: &amp;apos;3.141.59&amp;apos;, revision: &amp;apos;e82be7d358&amp;apos;, time: &amp;apos;2018-11-14T08:17:03&amp;apos;
System info: host: &amp;apos;PC025&amp;apos;, ip: &amp;apos;192.168.11.58&amp;apos;, os.name: &amp;apos;Windows 7&amp;apos;, os.arch: &amp;apos;amd64&amp;apos;, os.version: &amp;apos;6.1&amp;apos;, java.version: &amp;apos;1.8.0_191&amp;apos;
Driver info: org.openqa.selenium.chrome.ChromeDriver
Capabilities {acceptInsecureCerts: false, acceptSslCerts: false, applicationCacheEnabled: false, browserConnectionEnabled: false, browserName: chrome, chrome: {chromedriverVersion: 2.44.609538 (b655c5a60b0b54..., userDataDir: C:\Users\Mansur\AppData\Loc...}, cssSelectorsEnabled: true, databaseEnabled: false, goog:chromeOptions: {debuggerAddress: localhost:53260}, handlesAlerts: true, hasTouchScreen: false, javascriptEnabled: true, locationContextEnabled: true, mobileEmulationEnabled: false, nativeEvents: true, networkConnectionEnabled: false, pageLoadStrategy: normal, platform: XP, platformName: XP, rotatable: false, setWindowRect: true, takesHeapSnapshot: true, takesScreenshot: true, unexpectedAlertBehaviour: ignore, unhandledPromptBehavior: ignore, version: 81.0.4044.138, webStorageEnabled: true}
Session ID: 2a43eac7c80f186c4f304bf145a2f450">
      <![CDATA[org.openqa.selenium.WebDriverException: unknown error: Element <input type="checkbox" data-ng-change="save(data,saveDirection.dsgnToProd)" data-ng-model="data.isDsgnToProdRcvd" data-ng-disabled="(disableForCheckBox.dsgnToProdIsDisable==0 ? (!disableForCheckBox.dsgnToProdIsDisable &amp;&amp; !data.isCSToDsgnRcvd) : disableForCheckBox.dsgnToProdIsDisable) || data.isDsgnToProdRcvd" class="ng-pristine ng-untouched ng-valid" disabled="disabled"> is not clickable at point (1351, 245). Other element would receive the click: <i class="fa fa-square-o"></i>
  (Session info: chrome=81.0.4044.138)
  (Driver info: chromedriver=2.44.609538 (b655c5a60b0b544917107a59d4153d4bf78e1b90),platform=Windows NT 6.1.7601 SP1 x86_64) (WARNING: The server did not provide any stacktrace information)
Command duration or timeout: 0 milliseconds
Build info: version: '3.141.59', revision: 'e82be7d358', time: '2018-11-14T08:17:03'
System info: host: 'PC025', ip: '192.168.11.58', os.name: 'Windows 7', os.arch: 'amd64', os.version: '6.1', java.version: '1.8.0_191'
Driver info: org.openqa.selenium.chrome.ChromeDriver
Capabilities {acceptInsecureCerts: false, acceptSslCerts: false, applicationCacheEnabled: false, browserConnectionEnabled: false, browserName: chrome, chrome: {chromedriverVersion: 2.44.609538 (b655c5a60b0b54..., userDataDir: C:\Users\Mansur\AppData\Loc...}, cssSelectorsEnabled: true, databaseEnabled: false, goog:chromeOptions: {debuggerAddress: localhost:53260}, handlesAlerts: true, hasTouchScreen: false, javascriptEnabled: true, locationContextEnabled: true, mobileEmulationEnabled: false, nativeEvents: true, networkConnectionEnabled: false, pageLoadStrategy: normal, platform: XP, platformName: XP, rotatable: false, setWindowRect: true, takesHeapSnapshot: true, takesScreenshot: true, unexpectedAlertBehaviour: ignore, unhandledPromptBehavior: ignore, version: 81.0.4044.138, webStorageEnabled: true}
Session ID: 2a43eac7c80f186c4f304bf145a2f450
at org.openqa.selenium.remote.ErrorHandler.createThrowable(ErrorHandler.java:214)
at org.openqa.selenium.remote.ErrorHandler.throwIfResponseFailed(ErrorHandler.java:166)
at org.openqa.selenium.remote.http.JsonHttpResponseCodec.reconstructValue(JsonHttpResponseCodec.java:40)
at org.openqa.selenium.remote.http.AbstractHttpResponseCodec.decode(AbstractHttpResponseCodec.java:80)
at org.openqa.selenium.remote.http.AbstractHttpResponseCodec.decode(AbstractHttpResponseCodec.java:44)
at org.openqa.selenium.remote.HttpCommandExecutor.execute(HttpCommandExecutor.java:158)
at org.openqa.selenium.remote.service.DriverCommandExecutor.execute(DriverCommandExecutor.java:83)
at org.openqa.selenium.remote.RemoteWebDriver.execute(RemoteWebDriver.java:552)
at org.openqa.selenium.remote.RemoteWebElement.execute(RemoteWebElement.java:285)
at org.openqa.selenium.remote.RemoteWebElement.click(RemoteWebElement.java:84)
at pages.OM_OrderMasterFileIssue.ProductionReceiveFromDesign(OM_OrderMasterFileIssue.java:139)
at Order_Managenent.OrderMasterFileIssue.PMReceiveFromDesign(OrderMasterFileIssue.java:136)
at java.util.ArrayList.forEach(ArrayList.java:1257)
... Removed 31 stack frames]]>
    </failure>
  </testcase> <!-- PMReceiveFromDesign -->
  <testcase name="PMReceiveFromCS" time="0.0" classname="Order_Managenent.OrderMasterFileIssue">
    <ignored/>
  </testcase> <!-- PMReceiveFromCS -->
</testsuite> <!-- MasterFileReceive -->
